-------------------------------------------------------------------------------
Test set: TestSuite
-------------------------------------------------------------------------------
Tests run: 13, Failures: 1, Errors: 0, Skipped: 0, Time elapsed: 152.506 s <<< FAILURE! - in TestSuite
com.altitime.qa.testcase.TimeTrackPageTest.validateTitleTest  Time elapsed: 0.021 s  <<< FAILURE!
java.lang.AssertionError: Title was not matched in time track page expected [actiTIME -  View Time-Track] but found [actiTIME - Login]
	at com.altitime.qa.testcase.TimeTrackPageTest.validateTitleTest(TimeTrackPageTest.java:31)

