<?xml version="1.0" encoding="UTF-8"?>
<testsuite xmlns:xsi="http://www.w3.org/2001/XMLSchema-instance" xsi:noNamespaceSchemaLocation="https://maven.apache.org/surefire/maven-surefire-plugin/xsd/surefire-test-report-3.0.xsd" version="3.0" name="TestSuite" time="152.506" tests="13" errors="0" skipped="0" failures="1">
  <properties>
[...]
</properties>
  <testcase name="validateLoginPageTitleTest" classname="com.altitime.qa.testcase.LoginPageTest" time="0.008">
    <system-out><![CDATA[Before navigating to: 'https://demo.actitime.com/login.do'
Navigated to:'https://demo.actitime.com/login.do'
]]></system-out>
    <system-err><![CDATA[Starting ChromeDriver 92.0.4515.43 (8c61b7e2989f2990d42f859cac71319137787cce-refs/branch-heads/4515@{#306}) on port 47194
Only local connections are allowed.
Please see https://chromedriver.chromium.org/security-considerations for suggestions on keeping ChromeDriver safe.
ChromeDriver was started successfully.
Aug 27, 2021 6:34:03 AM org.openqa.selenium.remote.ProtocolHandshake createSession
INFO: Detected dialect: W3C
]]></system-err>
  </testcase>
  <testcase name="validateLogoDisplayedTest" classname="com.altitime.qa.testcase.LoginPageTest" time="0.098">
    <system-out><![CDATA[Before navigating to: 'https://demo.actitime.com/login.do'
Navigated to:'https://demo.actitime.com/login.do'
Trying to find Element By : By.xpath: //div[@class='atLogoImg']
Found Element By : By.xpath: //div[@class='atLogoImg']
]]></system-out>
    <system-err><![CDATA[Starting ChromeDriver 92.0.4515.43 (8c61b7e2989f2990d42f859cac71319137787cce-refs/branch-heads/4515@{#306}) on port 18721
Only local connections are allowed.
Please see https://chromedriver.chromium.org/security-considerations for suggestions on keeping ChromeDriver safe.
ChromeDriver was started successfully.
Aug 27, 2021 6:34:21 AM org.openqa.selenium.remote.ProtocolHandshake createSession
INFO: Detected dialect: W3C
]]></system-err>
  </testcase>
  <testcase name="validateLoggedInCheckBoxDisplayedTest" classname="com.altitime.qa.testcase.LoginPageTest" time="0.099">
    <system-out><![CDATA[Before navigating to: 'https://demo.actitime.com/login.do'
Navigated to:'https://demo.actitime.com/login.do'
Trying to find Element By : By.id: keepLoggedInCheckBox
Found Element By : By.id: keepLoggedInCheckBox
]]></system-out>
    <system-err><![CDATA[Starting ChromeDriver 92.0.4515.43 (8c61b7e2989f2990d42f859cac71319137787cce-refs/branch-heads/4515@{#306}) on port 4553
Only local connections are allowed.
Please see https://chromedriver.chromium.org/security-considerations for suggestions on keeping ChromeDriver safe.
ChromeDriver was started successfully.
Aug 27, 2021 6:34:44 AM org.openqa.selenium.remote.ProtocolHandshake createSession
INFO: Detected dialect: W3C
]]></system-err>
  </testcase>
  <testcase name="validateForgotPasswordLinkDisplayedTest" classname="com.altitime.qa.testcase.LoginPageTest" time="0.073">
    <system-out><![CDATA[Before navigating to: 'https://demo.actitime.com/login.do'
Navigated to:'https://demo.actitime.com/login.do'
Trying to find Element By : By.id: toPasswordRecoveryPageLink
Found Element By : By.id: toPasswordRecoveryPageLink
]]></system-out>
    <system-err><![CDATA[Starting ChromeDriver 92.0.4515.43 (8c61b7e2989f2990d42f859cac71319137787cce-refs/branch-heads/4515@{#306}) on port 36205
Only local connections are allowed.
Please see https://chromedriver.chromium.org/security-considerations for suggestions on keeping ChromeDriver safe.
ChromeDriver was started successfully.
Aug 27, 2021 6:35:06 AM org.openqa.selenium.remote.ProtocolHandshake createSession
INFO: Detected dialect: W3C
]]></system-err>
  </testcase>
  <testcase name="validateLoginButton" classname="com.altitime.qa.testcase.LoginPageTest" time="0.266">
    <system-out><![CDATA[Before navigating to: 'https://demo.actitime.com/login.do'
Navigated to:'https://demo.actitime.com/login.do'
user name : admin    password:  manager
Trying to find Element By : By.id: username
Found Element By : By.id: username
Trying to find Element By : By.name: pwd
Found Element By : By.name: pwd
Trying to find Element By : By.xpath: //div[text()='Login ']
Found Element By : By.xpath: //div[text()='Login ']
Trying to click on: [[ChromeDriver: chrome on WINDOWS (d00b4f24b920e8a6dc132502291bb5bd)] -> xpath: //div[text()='Login ']]
Clicked on: [[ChromeDriver: chrome on WINDOWS (d00b4f24b920e8a6dc132502291bb5bd)] -> xpath: //div[text()='Login ']]
after login button click
Timetrack page class nameclass com.altitime.qa.testpage.TimeTrackPage
]]></system-out>
    <system-err><![CDATA[Starting ChromeDriver 92.0.4515.43 (8c61b7e2989f2990d42f859cac71319137787cce-refs/branch-heads/4515@{#306}) on port 48071
Only local connections are allowed.
Please see https://chromedriver.chromium.org/security-considerations for suggestions on keeping ChromeDriver safe.
ChromeDriver was started successfully.
Aug 27, 2021 6:35:27 AM org.openqa.selenium.remote.ProtocolHandshake createSession
INFO: Detected dialect: W3C
]]></system-err>
  </testcase>
  <testcase name="validateTitleTest" classname="com.altitime.qa.testcase.TimeTrackPageTest" time="0.021">
    <failure message="Title was not matched in time track page expected [actiTIME -  View Time-Track] but found [actiTIME - Login]" type="java.lang.AssertionError"><![CDATA[java.lang.AssertionError: Title was not matched in time track page expected [actiTIME -  View Time-Track] but found [actiTIME - Login]
	at com.altitime.qa.testcase.TimeTrackPageTest.validateTitleTest(TimeTrackPageTest.java:31)
]]></failure>
    <system-out><![CDATA[Before navigating to: 'https://demo.actitime.com/login.do'
Navigated to:'https://demo.actitime.com/login.do'
user name : admin    password:  manager
Trying to find Element By : By.id: username
Found Element By : By.id: username
Trying to find Element By : By.name: pwd
Found Element By : By.name: pwd
Trying to find Element By : By.xpath: //div[text()='Login ']
Found Element By : By.xpath: //div[text()='Login ']
Trying to click on: [[ChromeDriver: chrome on WINDOWS (a6087d6d968d5547cf460cb48bb5ff7a)] -> xpath: //div[text()='Login ']]
Clicked on: [[ChromeDriver: chrome on WINDOWS (a6087d6d968d5547cf460cb48bb5ff7a)] -> xpath: //div[text()='Login ']]
after login button click
title: actiTIME - Login
]]></system-out>
    <system-err><![CDATA[Starting ChromeDriver 92.0.4515.43 (8c61b7e2989f2990d42f859cac71319137787cce-refs/branch-heads/4515@{#306}) on port 36046
Only local connections are allowed.
Please see https://chromedriver.chromium.org/security-considerations for suggestions on keeping ChromeDriver safe.
ChromeDriver was started successfully.
Aug 27, 2021 6:34:12 AM org.openqa.selenium.remote.ProtocolHandshake createSession
INFO: Detected dialect: W3C
]]></system-err>
  </testcase>
  <testcase name="validateSearchBoxDisplayedTest" classname="com.altitime.qa.testcase.TimeTrackPageTest" time="4.385">
    <system-out><![CDATA[Before navigating to: 'https://demo.actitime.com/login.do'
Navigated to:'https://demo.actitime.com/login.do'
user name : admin    password:  manager
Trying to find Element By : By.id: username
Found Element By : By.id: username
Trying to find Element By : By.name: pwd
Found Element By : By.name: pwd
Trying to find Element By : By.xpath: //div[text()='Login ']
Found Element By : By.xpath: //div[text()='Login ']
Trying to click on: [[ChromeDriver: chrome on WINDOWS (c5890e100abd1d77fa660045b8209d80)] -> xpath: //div[text()='Login ']]
Clicked on: [[ChromeDriver: chrome on WINDOWS (c5890e100abd1d77fa660045b8209d80)] -> xpath: //div[text()='Login ']]
after login button click
Trying to find Element By : By.id: taskSearchControl_field
Found Element By : By.id: taskSearchControl_field
]]></system-out>
    <system-err><![CDATA[Starting ChromeDriver 92.0.4515.43 (8c61b7e2989f2990d42f859cac71319137787cce-refs/branch-heads/4515@{#306}) on port 20863
Only local connections are allowed.
Please see https://chromedriver.chromium.org/security-considerations for suggestions on keeping ChromeDriver safe.
ChromeDriver was started successfully.
Aug 27, 2021 6:34:30 AM org.openqa.selenium.remote.ProtocolHandshake createSession
INFO: Detected dialect: W3C
]]></system-err>
  </testcase>
  <testcase name="validateLogoDisplayedTest" classname="com.altitime.qa.testcase.TimeTrackPageTest" time="3.854">
    <system-out><![CDATA[Before navigating to: 'https://demo.actitime.com/login.do'
Navigated to:'https://demo.actitime.com/login.do'
user name : admin    password:  manager
Trying to find Element By : By.id: username
Found Element By : By.id: username
Trying to find Element By : By.name: pwd
Found Element By : By.name: pwd
Trying to find Element By : By.xpath: //div[text()='Login ']
Found Element By : By.xpath: //div[text()='Login ']
Trying to click on: [[ChromeDriver: chrome on WINDOWS (b3691c28f4cb182b99eb80221227fdb6)] -> xpath: //div[text()='Login ']]
Clicked on: [[ChromeDriver: chrome on WINDOWS (b3691c28f4cb182b99eb80221227fdb6)] -> xpath: //div[text()='Login ']]
after login button click
Trying to find Element By : By.id: logo_aT
Found Element By : By.id: logo_aT
]]></system-out>
    <system-err><![CDATA[Starting ChromeDriver 92.0.4515.43 (8c61b7e2989f2990d42f859cac71319137787cce-refs/branch-heads/4515@{#306}) on port 28147
Only local connections are allowed.
Please see https://chromedriver.chromium.org/security-considerations for suggestions on keeping ChromeDriver safe.
ChromeDriver was started successfully.
Aug 27, 2021 6:34:53 AM org.openqa.selenium.remote.ProtocolHandshake createSession
INFO: Detected dialect: W3C
]]></system-err>
  </testcase>
  <testcase name="validateUserNameDisplayedTest" classname="com.altitime.qa.testcase.TimeTrackPageTest" time="4.11">
    <system-out><![CDATA[Before navigating to: 'https://demo.actitime.com/login.do'
Navigated to:'https://demo.actitime.com/login.do'
user name : admin    password:  manager
Trying to find Element By : By.id: username
Found Element By : By.id: username
Trying to find Element By : By.name: pwd
Found Element By : By.name: pwd
Trying to find Element By : By.xpath: //div[text()='Login ']
Found Element By : By.xpath: //div[text()='Login ']
Trying to click on: [[ChromeDriver: chrome on WINDOWS (ee55512399bfe6aaedf1d899a2e244f9)] -> xpath: //div[text()='Login ']]
Clicked on: [[ChromeDriver: chrome on WINDOWS (ee55512399bfe6aaedf1d899a2e244f9)] -> xpath: //div[text()='Login ']]
after login button click
Trying to find Element By : By.xpath: //a[@class='userProfileLink username ']
Found Element By : By.xpath: //a[@class='userProfileLink username ']
]]></system-out>
    <system-err><![CDATA[Starting ChromeDriver 92.0.4515.43 (8c61b7e2989f2990d42f859cac71319137787cce-refs/branch-heads/4515@{#306}) on port 38941
Only local connections are allowed.
Please see https://chromedriver.chromium.org/security-considerations for suggestions on keeping ChromeDriver safe.
ChromeDriver was started successfully.
Aug 27, 2021 6:35:14 AM org.openqa.selenium.remote.ProtocolHandshake createSession
INFO: Detected dialect: W3C
]]></system-err>
  </testcase>
  <testcase name="validateAddRecentTaskLinkDisplayedTest" classname="com.altitime.qa.testcase.TimeTrackPageTest" time="3.698">
    <system-out><![CDATA[Before navigating to: 'https://demo.actitime.com/login.do'
Navigated to:'https://demo.actitime.com/login.do'
user name : admin    password:  manager
Trying to find Element By : By.id: username
Found Element By : By.id: username
Trying to find Element By : By.name: pwd
Found Element By : By.name: pwd
Trying to find Element By : By.xpath: //div[text()='Login ']
Found Element By : By.xpath: //div[text()='Login ']
Trying to click on: [[ChromeDriver: chrome on WINDOWS (0255c82ac8e2e3be05ce46c34aa1fd95)] -> xpath: //div[text()='Login ']]
Clicked on: [[ChromeDriver: chrome on WINDOWS (0255c82ac8e2e3be05ce46c34aa1fd95)] -> xpath: //div[text()='Login ']]
after login button click
Trying to find Element By : By.xpath: //span[contains(text(),'Add Rece')]
Found Element By : By.xpath: //span[contains(text(),'Add Rece')]
]]></system-out>
    <system-err><![CDATA[Starting ChromeDriver 92.0.4515.43 (8c61b7e2989f2990d42f859cac71319137787cce-refs/branch-heads/4515@{#306}) on port 29882
Only local connections are allowed.
Please see https://chromedriver.chromium.org/security-considerations for suggestions on keeping ChromeDriver safe.
ChromeDriver was started successfully.
Aug 27, 2021 6:35:35 AM org.openqa.selenium.remote.ProtocolHandshake createSession
INFO: Detected dialect: W3C
]]></system-err>
  </testcase>
  <testcase name="validateAddRecentTaskButtonDisplayedTest" classname="com.altitime.qa.testcase.TimeTrackPageTest" time="4.847">
    <system-out><![CDATA[Before navigating to: 'https://demo.actitime.com/login.do'
Navigated to:'https://demo.actitime.com/login.do'
user name : admin    password:  manager
Trying to find Element By : By.id: username
Found Element By : By.id: username
Trying to find Element By : By.name: pwd
Found Element By : By.name: pwd
Trying to find Element By : By.xpath: //div[text()='Login ']
Found Element By : By.xpath: //div[text()='Login ']
Trying to click on: [[ChromeDriver: chrome on WINDOWS (c35c7a991e4ae29c1c0fb3acb2bc6908)] -> xpath: //div[text()='Login ']]
Clicked on: [[ChromeDriver: chrome on WINDOWS (c35c7a991e4ae29c1c0fb3acb2bc6908)] -> xpath: //div[text()='Login ']]
after login button click
Trying to find Element By : By.xpath: //span[contains(text(),'Add Task')]
Found Element By : By.xpath: //span[contains(text(),'Add Task')]
]]></system-out>
    <system-err><![CDATA[Starting ChromeDriver 92.0.4515.43 (8c61b7e2989f2990d42f859cac71319137787cce-refs/branch-heads/4515@{#306}) on port 5773
Only local connections are allowed.
Please see https://chromedriver.chromium.org/security-considerations for suggestions on keeping ChromeDriver safe.
ChromeDriver was started successfully.
Aug 27, 2021 6:35:48 AM org.openqa.selenium.remote.ProtocolHandshake createSession
INFO: Detected dialect: W3C
]]></system-err>
  </testcase>
  <testcase name="validateUserTabLinkDisplayedTest" classname="com.altitime.qa.testcase.TimeTrackPageTest" time="5.105">
    <system-out><![CDATA[Before navigating to: 'https://demo.actitime.com/login.do'
Navigated to:'https://demo.actitime.com/login.do'
user name : admin    password:  manager
Trying to find Element By : By.id: username
Found Element By : By.id: username
Trying to find Element By : By.name: pwd
Found Element By : By.name: pwd
Trying to find Element By : By.xpath: //div[text()='Login ']
Found Element By : By.xpath: //div[text()='Login ']
Trying to click on: [[ChromeDriver: chrome on WINDOWS (a8481b00b20c449a3908a4e3843e2cbc)] -> xpath: //div[text()='Login ']]
Clicked on: [[ChromeDriver: chrome on WINDOWS (a8481b00b20c449a3908a4e3843e2cbc)] -> xpath: //div[text()='Login ']]
after login button click
Trying to find Element By : By.xpath: //a[@class='content users']
Found Element By : By.xpath: //a[@class='content users']
]]></system-out>
    <system-err><![CDATA[Starting ChromeDriver 92.0.4515.43 (8c61b7e2989f2990d42f859cac71319137787cce-refs/branch-heads/4515@{#306}) on port 27304
Only local connections are allowed.
Please see https://chromedriver.chromium.org/security-considerations for suggestions on keeping ChromeDriver safe.
ChromeDriver was started successfully.
Aug 27, 2021 6:36:02 AM org.openqa.selenium.remote.ProtocolHandshake createSession
INFO: Detected dialect: W3C
]]></system-err>
  </testcase>
  <testcase name="clickOnUserTabLinkDisplayedTest" classname="com.altitime.qa.testcase.TimeTrackPageTest" time="6.517">
    <system-out><![CDATA[Before navigating to: 'https://demo.actitime.com/login.do'
Navigated to:'https://demo.actitime.com/login.do'
user name : admin    password:  manager
Trying to find Element By : By.id: username
Found Element By : By.id: username
Trying to find Element By : By.name: pwd
Found Element By : By.name: pwd
Trying to find Element By : By.xpath: //div[text()='Login ']
Found Element By : By.xpath: //div[text()='Login ']
Trying to click on: [[ChromeDriver: chrome on WINDOWS (547f80fd1bdea5eb9fb89f6b5bd2810f)] -> xpath: //div[text()='Login ']]
Clicked on: [[ChromeDriver: chrome on WINDOWS (547f80fd1bdea5eb9fb89f6b5bd2810f)] -> xpath: //div[text()='Login ']]
after login button click
Trying to find Element By : By.id: container_users
Found Element By : By.id: container_users
Trying to click on: [[ChromeDriver: chrome on WINDOWS (547f80fd1bdea5eb9fb89f6b5bd2810f)] -> id: container_users]
Clicked on: [[ChromeDriver: chrome on WINDOWS (547f80fd1bdea5eb9fb89f6b5bd2810f)] -> id: container_users]
]]></system-out>
    <system-err><![CDATA[Starting ChromeDriver 92.0.4515.43 (8c61b7e2989f2990d42f859cac71319137787cce-refs/branch-heads/4515@{#306}) on port 6446
Only local connections are allowed.
Please see https://chromedriver.chromium.org/security-considerations for suggestions on keeping ChromeDriver safe.
ChromeDriver was started successfully.
Aug 27, 2021 6:36:16 AM org.openqa.selenium.remote.ProtocolHandshake createSession
INFO: Detected dialect: W3C
]]></system-err>
  </testcase>
</testsuite>